<?xml version="1.0" encoding="UTF-8"?>
<!-- Generated by org.testng.reporters.JUnitReportReporter -->
<testsuite skipped="0" hostname="G8N0CV16F227346" name="com.automatedtester.qa.TC001_Chapter1_ValidateDropdown" tests="1" failures="0" timestamp="05 sep 2020 20:59:54 GMT" time="23.582" errors="0">
  <testcase name="TC001" time="23.582" classname="com.automatedtester.qa.TC001_Chapter1_ValidateDropdown"/>
</testsuite> <!-- com.automatedtester.qa.TC001_Chapter1_ValidateDropdown -->
