<?xml version="1.0" encoding="UTF-8"?>
<!-- Generated by org.testng.reporters.JUnitReportReporter -->
<testsuite skipped="0" hostname="G8N0CV16F227346" name="com.automatedtester.qa.TC003_Chapter1_ValidateButtonLoadPagePOM" tests="1" failures="0" timestamp="13 sep 2020 01:54:52 GMT" time="4.817" errors="0">
  <testcase name="TC003" time="4.817" classname="com.automatedtester.qa.TC003_Chapter1_ValidateButtonLoadPagePOM"/>
</testsuite> <!-- com.automatedtester.qa.TC003_Chapter1_ValidateButtonLoadPagePOM -->
