<?xml version="1.0" encoding="UTF-8"?>
<!-- Generated by org.testng.reporters.JUnitReportReporter -->
<testsuite skipped="0" hostname="G8N0CV16F227346" name="com.automatedtester.qa.TC001_Chapter1_ValidateDropdownPOM" tests="1" failures="0" timestamp="12 sep 2020 22:06:42 GMT" time="13.816" errors="0">
  <testcase name="TC001" time="13.816" classname="com.automatedtester.qa.TC001_Chapter1_ValidateDropdownPOM"/>
</testsuite> <!-- com.automatedtester.qa.TC001_Chapter1_ValidateDropdownPOM -->
