<?xml version="1.0" encoding="UTF-8"?>
<!-- Generated by org.testng.reporters.JUnitReportReporter -->
<testsuite skipped="0" hostname="G8N0CV16F227346" name="com.automatedtester.qa.TC001_Chapter1_ValidateDropdownPOM" tests="3" failures="0" timestamp="26 sep 2020 15:42:48 GMT" time="21.639" errors="0">
  <testcase name="TC001" time="7.944" classname="com.automatedtester.qa.TC001_Chapter1_ValidateDropdownPOM"/>
  <testcase name="TC001" time="6.304" classname="com.automatedtester.qa.TC001_Chapter1_ValidateDropdownPOM"/>
  <testcase name="TC001" time="7.391" classname="com.automatedtester.qa.TC001_Chapter1_ValidateDropdownPOM"/>
</testsuite> <!-- com.automatedtester.qa.TC001_Chapter1_ValidateDropdownPOM -->
