<?xml version="1.0" encoding="UTF-8"?>
<!-- Generated by org.testng.reporters.JUnitReportReporter -->
<testsuite skipped="0" hostname="G8N0CV16F227346" name="com.automatedtester.qa.TC002_Chapter1_ValidateTextPOM" tests="1" failures="0" timestamp="13 sep 2020 01:34:22 GMT" time="4.297" errors="0">
  <testcase name="TC002" time="4.297" classname="com.automatedtester.qa.TC002_Chapter1_ValidateTextPOM"/>
</testsuite> <!-- com.automatedtester.qa.TC002_Chapter1_ValidateTextPOM -->
