<?xml version="1.0" encoding="UTF-8"?>
<!-- Generated by org.testng.reporters.JUnitReportReporter -->
<testsuite skipped="0" hostname="G8N0CV16F227346" name="com.automatedtester.qa.TC002_Chapter1_ValidateText" tests="1" failures="0" timestamp="11 sep 2020 21:52:22 GMT" time="26.965" errors="0">
  <testcase name="TC002" time="26.965" classname="com.automatedtester.qa.TC002_Chapter1_ValidateText"/>
</testsuite> <!-- com.automatedtester.qa.TC002_Chapter1_ValidateText -->
