<?xml version="1.0" encoding="UTF-8"?>
<!-- Generated by org.testng.reporters.JUnitReportReporter -->
<testsuite skipped="0" hostname="G8N0CV16F227346" name="com.automatedtester.qa.TC004_Chapter2_VerifyNameButtonChocolate" tests="1" failures="0" timestamp="19 sep 2020 18:31:29 GMT" time="21.596" errors="0">
  <testcase name="TC004" time="21.596" classname="com.automatedtester.qa.TC004_Chapter2_VerifyNameButtonChocolate"/>
</testsuite> <!-- com.automatedtester.qa.TC004_Chapter2_VerifyNameButtonChocolate -->
