<?xml version="1.0" encoding="UTF-8"?>
<!-- Generated by org.testng.reporters.JUnitReportReporter -->
<testsuite skipped="0" hostname="G8N0CV16F227346" name="com.automatedtester.qa.TC003_Chapter1_ValidateButtonLoadPage" tests="1" failures="0" timestamp="08 sep 2020 01:29:36 GMT" time="19.786" errors="0">
  <testcase name="TC003" time="19.786" classname="com.automatedtester.qa.TC003_Chapter1_ValidateButtonLoadPage"/>
</testsuite> <!-- com.automatedtester.qa.TC003_Chapter1_ValidateButtonLoadPage -->
