<?xml version="1.0" encoding="UTF-8"?>
<!-- Generated by org.testng.reporters.JUnitReportReporter -->
<testsuite skipped="0" hostname="G8N0CV16F227346" name="com.automatedtester.qa.TC002_Chapter1_ValidateText" tests="1" failures="0" timestamp="08 sep 2020 01:27:06 GMT" time="20.000" errors="0">
  <testcase name="TC002" time="20.000" classname="com.automatedtester.qa.TC002_Chapter1_ValidateText"/>
</testsuite> <!-- com.automatedtester.qa.TC002_Chapter1_ValidateText -->
